2025-02-26T16:39:00.153Z info: Uploading file: cv_carnel_megbleto_it2.pdf
2025-02-26T16:39:01.280Z info: Generating presigned URL for file: cv_carnel_megbleto_it2.pdf
2025-02-26T16:39:01.285Z info: Presigned URL generated for file: cv_carnel_megbleto_it2.pdf
2025-02-26T16:39:01.286Z info: File uploaded successfully: cv_carnel_megbleto_it2.pdf
2025-02-26T16:39:21.039Z info: Deleting file: cv_carnel_megbleto_it2.pdf
2025-02-26T16:39:21.575Z info: File deleted successfully: cv_carnel_megbleto_it2.pdf
2025-02-26T16:51:14.231Z info: Uploading file: cv_carnel_megbleto_it2.pdf
2025-02-26T16:51:15.445Z info: Generating presigned URL for file: cv_carnel_megbleto_it2.pdf
2025-02-26T16:51:15.478Z info: Presigned URL generated for file: cv_carnel_megbleto_it2.pdf
2025-02-26T16:51:15.478Z info: File uploaded successfully: cv_carnel_megbleto_it2.pdf with key: 83786c74-6f42-41f3-890e-49eca1927da4.pdf"
2025-02-26T16:52:07.373Z info: Deleting file: 83786c74-6f42-41f3-890e-49eca1927da4.pdf"
2025-02-26T16:52:07.985Z info: File deleted successfully: 83786c74-6f42-41f3-890e-49eca1927da4.pdf"
2025-02-26T16:52:15.487Z info: Uploading file: cv_carnel_megbleto_it2.pdf
2025-02-26T16:52:17.259Z info: Generating presigned URL for file: cv_carnel_megbleto_it2.pdf
2025-02-26T16:52:17.265Z info: Presigned URL generated for file: cv_carnel_megbleto_it2.pdf
2025-02-26T16:52:17.265Z info: File uploaded successfully: cv_carnel_megbleto_it2.pdf with key: cad62231-e702-4d64-b320-3f101c7244f0.pdf
2025-02-26T16:52:41.644Z info: Deleting file: cad62231-e702-4d64-b320-3f101c7244f0.pdf
2025-02-26T16:52:42.296Z info: File deleted successfully: cad62231-e702-4d64-b320-3f101c7244f0.pdf
2025-02-26T17:00:44.182Z info: Uploading file: cv_carnel_megbleto_it2.pdf
2025-02-26T17:00:46.094Z info: Generating presigned URL for file: cv_carnel_megbleto_it2.pdf
2025-02-26T17:00:46.098Z info: Presigned URL generated for file: cv_carnel_megbleto_it2.pdf
2025-02-26T17:00:46.098Z info: File uploaded successfully: cv_carnel_megbleto_it2.pdf with key: b8c52a19-c6a0-432e-a5bc-65c3958a409f.pdf
2025-02-26T17:02:55.844Z info: Deleting file: b8c52a19-c6a0-432e-a5bc-65c3958a409f.pdf
2025-02-26T17:02:56.462Z info: File deleted successfully: b8c52a19-c6a0-432e-a5bc-65c3958a409f.pdf
2025-02-26T17:20:28.043Z info: Uploading file: cv_carnel_megbleto_it2.pdf
2025-02-26T17:20:29.920Z info: Generating presigned URL for file: cv_carnel_megbleto_it2.pdf
2025-02-26T17:20:29.927Z info: Presigned URL generated for file: cv_carnel_megbleto_it2.pdf
2025-02-26T17:20:29.927Z info: File uploaded successfully: cv_carnel_megbleto_it2.pdf with key: ceee52d4-08e8-421b-b4c1-1ca8b7e02bfd.pdf
2025-02-26T17:20:49.096Z info: Uploading file: cv_carnel_megbleto_it2.pdf
2025-02-26T17:20:50.824Z info: Generating presigned URL for file: cv_carnel_megbleto_it2.pdf
2025-02-26T17:20:50.827Z info: Presigned URL generated for file: cv_carnel_megbleto_it2.pdf
2025-02-26T17:20:50.827Z info: File uploaded successfully: cv_carnel_megbleto_it2.pdf with key: 7e6f295e-430a-4aca-b58b-3393c4b0ba4f.pdf
2025-02-26T17:29:42.510Z info: Deleting file: ceee52d4-08e8-421b-b4c1-1ca8b7e02bfd.pdf,7e6f295e-430a-4aca-b58b-3393c4b0ba4f.pdf
2025-02-26T17:29:42.516Z error: File deletion failed: labelValue.split is not a function
2025-02-26T17:29:42.517Z error: File deletion failed: labelValue.split is not a function
2025-02-26T17:30:17.046Z info: Deleting multiple files: ceee52d4-08e8-421b-b4c1-1ca8b7e02bfd.pdf, 7e6f295e-430a-4aca-b58b-3393c4b0ba4f.pdf
2025-02-26T17:30:17.670Z info: Files deleted successfully: ceee52d4-08e8-421b-b4c1-1ca8b7e02bfd.pdf, 7e6f295e-430a-4aca-b58b-3393c4b0ba4f.pdf
2025-02-26T17:37:12.483Z info: Uploading file: cv_carnel_megbleto_it2.pdf
2025-02-26T17:37:13.652Z info: Generating presigned URL for file: cv_carnel_megbleto_it2.pdf
2025-02-26T17:37:13.655Z info: Presigned URL generated for file: cv_carnel_megbleto_it2.pdf
2025-02-26T17:37:13.655Z info: File uploaded successfully: cv_carnel_megbleto_it2.pdf with key: c3b80e6f-a2e6-4afd-a81e-4a11938f6932.pdf
2025-02-26T17:37:43.638Z error: Seul les fichiers PDF sont autorisés
2025-02-26T17:50:51.326Z info: Uploading file: cv_carnel_megbleto_it2.pdf
2025-02-26T17:50:52.519Z info: Generating presigned URL for file: cv_carnel_megbleto_it2.pdf
2025-02-26T17:50:52.524Z info: Presigned URL generated for file: cv_carnel_megbleto_it2.pdf
2025-02-26T17:50:52.525Z info: File uploaded successfully: cv_carnel_megbleto_it2.pdf with key: 9b87fab4-ef3d-40d6-a918-f769e8e02adb.pdf
